#
# A fatal error has been detected by the Java Runtime Environment:
#
#  EXCEPTION_ACCESS_VIOLATION (0xc0000005) at pc=0x000000005aa48f45, pid=12000, tid=5744
#
# JRE version: Java(TM) SE Runtime Environment (8.0_91-b15) (build 1.8.0_91-b15)
# Java VM: Java HotSpot(TM) 64-Bit Server VM (25.91-b15 mixed mode windows-amd64 compressed oops)
# Problematic frame:
# V  [jvm.dll+0x128f45]
#
# Failed to write core dump. Minidumps are not enabled by default on client versions of Windows
#
# If you would like to submit a bug report, please visit:
#   http://bugreport.java.com/bugreport/crash.jsp
#

---------------  T H R E A D  ---------------

Current thread (0x000000001743a000):  JavaThread "JDWP Transport Listener: dt_socket" daemon [_thread_in_vm, id=5744, stack(0x0000000018980000,0x0000000018a80000)]

siginfo: ExceptionCode=0xc0000005, reading address 0xffffffffffffffff

Registers:
RAX=0x0000000018a7f801, RBX=0x000000001743a000, RCX=0x656c626168637461, RDX=0x0000000000000000
RSP=0x0000000018a7f830, RBP=0x656c626168637461, RSI=0x0000000018a7f948, RDI=0x0000000000f89a40
R8 =0x000000001743a000, R9 =0x0000000000008000, R10=0x7473694c2f6c6974, R11=0x0000000021374f66
R12=0x0000000000000000, R13=0x0000000017442248, R14=0x0000000000000000, R15=0x0000000000000000
RIP=0x000000005aa48f45, EFLAGS=0x0000000000010202

Top of Stack: (sp=0x0000000018a7f830)
0x0000000018a7f830:   000000001743a000 000000001743a000
0x0000000018a7f840:   0000000018a7f8f8 000000005ac4f32b
0x0000000018a7f850:   000000001743a000 000000005ac6bb8d
0x0000000018a7f860:   00000000000000ae 000000005b219155
0x0000000018a7f870:   0000000019eff9d8 000000005b22291e
0x0000000018a7f880:   000000001743a000 0000000000000000
0x0000000018a7f890:   0000000000000000 0000000000000000
0x0000000018a7f8a0:   656c626168637461 000000005b221a15
0x0000000018a7f8b0:   0000000018a7f948 0000000018a7f920
0x0000000018a7f8c0:   0000000000000001 0000000019eff9d8
0x0000000018a7f8d0:   656c626168637461 000000005b2053b3
0x0000000018a7f8e0:   0000000018a7fa10 0000000000000001
0x0000000018a7f8f0:   0000000000000001 0000000019eff9d8
0x0000000018a7f900:   0000000000000001 0000000000000000
0x0000000018a7f910:   0000000000000000 0000000000000000
0x0000000018a7f920:   0000000000000001 000000005b205571 

Instructions: (pc=0x000000005aa48f45)
0x000000005aa48f25:   cc cc cc cc cc cc cc cc cc cc cc 48 83 ec 28 48
0x000000005aa48f35:   85 c9 75 07 33 c0 48 83 c4 28 c3 48 89 5c 24 20
0x000000005aa48f45:   48 8b 19 48 85 db 74 20 48 83 fb 37 74 1a 48 8b
0x000000005aa48f55:   13 48 8b cb ff 52 10 84 c0 74 0d 48 8b c3 48 8b 


Register to memory mapping:

RAX=0x0000000018a7f801 is pointing into the stack for thread: 0x000000001743a000
RBX=0x000000001743a000 is a thread
RCX=0x656c626168637461 is an unknown value
RDX=0x0000000000000000 is an unknown value
RSP=0x0000000018a7f830 is pointing into the stack for thread: 0x000000001743a000
RBP=0x656c626168637461 is an unknown value
RSI=0x0000000018a7f948 is pointing into the stack for thread: 0x000000001743a000
RDI=0x0000000000f89a40 is an unknown value
R8 =0x000000001743a000 is a thread
R9 =0x0000000000008000 is an unknown value
R10=0x7473694c2f6c6974 is an unknown value
R11=0x0000000021374f66 is an unknown value
R12=0x0000000000000000 is an unknown value
R13=0x0000000017442248 is an unknown value
R14=0x0000000000000000 is an unknown value
R15=0x0000000000000000 is an unknown value


Stack: [0x0000000018980000,0x0000000018a80000],  sp=0x0000000018a7f830,  free space=1022k
Native frames: (J=compiled Java code, j=interpreted, Vv=VM code, C=native code)
V  [jvm.dll+0x128f45]
V  [jvm.dll+0x34bb8d]
C  [jdwp.dll+0x21a15]
C  [jdwp.dll+0x53b3]
C  [jdwp.dll+0x5571]
C  [jdwp.dll+0xf0a8]
C  [jdwp.dll+0x1f2d5]
C  [jdwp.dll+0x1f4aa]
V  [jvm.dll+0x1bbf38]
V  [jvm.dll+0x243ae4]
V  [jvm.dll+0x29a99a]
C  [msvcr100.dll+0x21d9f]
C  [msvcr100.dll+0x21e3b]
C  [KERNEL32.DLL+0x13d2]
C  [ntdll.dll+0x154e4]


---------------  P R O C E S S  ---------------

Java Threads: ( => current thread )
  0x00000000198fa000 JavaThread "Thread-5" daemon [_thread_in_native, id=9416, stack(0x00000000221b0000,0x00000000222b0000)]
  0x00000000198fd000 JavaThread "Thread-4" daemon [_thread_blocked, id=7616, stack(0x00000000220b0000,0x00000000221b0000)]
  0x00000000198f9800 JavaThread "Prism Font Disposer" daemon [_thread_blocked, id=9796, stack(0x00000000203e0000,0x00000000204e0000)]
  0x00000000198fb800 JavaThread "Thread-3" daemon [_thread_in_native, id=7396, stack(0x000000001bcf0000,0x000000001bdf0000)]
  0x00000000198a1800 JavaThread "JavaFX-Launcher" [_thread_blocked, id=7840, stack(0x000000001bdf0000,0x000000001bef0000)]
  0x0000000019873000 JavaThread "JavaFX Application Thread" [_thread_in_native, id=8028, stack(0x000000001a6f0000,0x000000001a7f0000)]
  0x000000001965d800 JavaThread "Thread-1" daemon [_thread_blocked, id=4248, stack(0x000000001a520000,0x000000001a620000)]
  0x000000001963f000 JavaThread "QuantumRenderer-0" daemon [_thread_blocked, id=5524, stack(0x000000001a070000,0x000000001a170000)]
  0x00000000192ce800 JavaThread "Service Thread" daemon [_thread_blocked, id=3716, stack(0x0000000019670000,0x0000000019770000)]
  0x000000001747e000 JavaThread "C1 CompilerThread2" daemon [_thread_blocked, id=7220, stack(0x0000000019170000,0x0000000019270000)]
  0x000000001745b000 JavaThread "C2 CompilerThread1" daemon [_thread_blocked, id=2092, stack(0x0000000019070000,0x0000000019170000)]
  0x0000000017457800 JavaThread "C2 CompilerThread0" daemon [_thread_blocked, id=9040, stack(0x0000000018f70000,0x0000000019070000)]
  0x0000000017449000 JavaThread "JDWP Command Reader" daemon [_thread_in_native, id=3304, stack(0x0000000018e70000,0x0000000018f70000)]
  0x0000000017446800 JavaThread "JDWP Event Helper Thread" daemon [_thread_blocked, id=12936, stack(0x0000000018d70000,0x0000000018e70000)]
=>0x000000001743a000 JavaThread "JDWP Transport Listener: dt_socket" daemon [_thread_in_vm, id=5744, stack(0x0000000018980000,0x0000000018a80000)]
  0x000000001742d000 JavaThread "Attach Listener" daemon [_thread_blocked, id=13176, stack(0x0000000018880000,0x0000000018980000)]
  0x000000001742c000 JavaThread "Signal Dispatcher" daemon [_thread_blocked, id=8788, stack(0x0000000018780000,0x0000000018880000)]
  0x00000000028ec000 JavaThread "Finalizer" daemon [_thread_blocked, id=13152, stack(0x0000000018680000,0x0000000018780000)]
  0x00000000028e1000 JavaThread "Reference Handler" daemon [_thread_blocked, id=6732, stack(0x0000000018580000,0x0000000018680000)]
  0x0000000000f8e000 JavaThread "main" [_thread_blocked, id=6252, stack(0x00000000026f0000,0x00000000027f0000)]

Other Threads:
  0x00000000173f7800 VMThread [stack: 0x0000000018480000,0x0000000018580000] [id=7604]
  0x00000000192d8000 WatcherThread [stack: 0x0000000019770000,0x0000000019870000] [id=12796]

VM state:not at safepoint (normal execution)

VM Mutex/Monitor currently owned by a thread: None

Heap:
 PSYoungGen      total 38400K, used 6073K [0x00000000d5e00000, 0x00000000d8880000, 0x0000000100000000)
  eden space 33280K, 18% used [0x00000000d5e00000,0x00000000d63ee718,0x00000000d7e80000)
  from space 5120K, 0% used [0x00000000d8380000,0x00000000d8380000,0x00000000d8880000)
  to   space 5120K, 0% used [0x00000000d7e80000,0x00000000d7e80000,0x00000000d8380000)
 ParOldGen       total 76288K, used 11318K [0x0000000081a00000, 0x0000000086480000, 0x00000000d5e00000)
  object space 76288K, 14% used [0x0000000081a00000,0x000000008250db88,0x0000000086480000)
 Metaspace       used 20959K, capacity 22156K, committed 22272K, reserved 1069056K
  class space    used 3063K, capacity 3324K, committed 3328K, reserved 1048576K

Card table byte_map: [0x0000000011cb0000,0x00000000120b0000] byte_map_base: 0x00000000118a3000

Marking Bits: (ParMarkBitMap*) 0x000000005b132f70
 Begin Bits: [0x0000000012760000, 0x00000000146f8000)
 End Bits:   [0x00000000146f8000, 0x0000000016690000)

Polling page: 0x0000000000d10000

CodeCache: size=245760Kb used=6614Kb max_used=6628Kb free=239145Kb
 bounds [0x00000000028f0000, 0x0000000002f80000, 0x00000000118f0000]
 total_blobs=2878 nmethods=2172 adapters=626
 compilation: enabled

Compilation events (10 events):
Event: 140.459 Thread 0x000000001747e000 2335       3       javafx.scene.layout.Region::widthChanged (49 bytes)
Event: 140.461 Thread 0x000000001747e000 nmethod 2335 0x0000000002f6ae90 code [0x0000000002f6b0e0, 0x0000000002f6c3b8]
Event: 140.461 Thread 0x000000001747e000 2337       3       javafx.scene.control.Control::computeMaxWidth (51 bytes)
Event: 140.462 Thread 0x000000001747e000 nmethod 2337 0x0000000002f64bd0 code [0x0000000002f64d80, 0x0000000002f654e8]
Event: 140.462 Thread 0x000000001747e000 2334       1       javafx.scene.control.SkinBase::computeMaxWidth (4 bytes)
Event: 140.462 Thread 0x000000001747e000 nmethod 2334 0x0000000002f648d0 code [0x0000000002f64a40, 0x0000000002f64b50]
Event: 217.043 Thread 0x000000001745b000 2343       4       com.sun.javafx.tk.quantum.QuantumToolkit::postPulse (148 bytes)
Event: 217.053 Thread 0x000000001745b000 nmethod 2343 0x0000000002f63fd0 code [0x0000000002f64140, 0x0000000002f644a8]
Event: 217.170 Thread 0x0000000017457800 2344       4       com.sun.javafx.tk.quantum.QuantumToolkit$$Lambda$43/333373781::run (8 bytes)
Event: 217.181 Thread 0x0000000017457800 nmethod 2344 0x0000000002f6d850 code [0x0000000002f6d9e0, 0x0000000002f6de38]

GC Heap History (6 events):
Event: 1.375 GC heap before
{Heap before GC invocations=1 (full 0):
 PSYoungGen      total 38400K, used 33280K [0x00000000d5e00000, 0x00000000d8880000, 0x0000000100000000)
  eden space 33280K, 100% used [0x00000000d5e00000,0x00000000d7e80000,0x00000000d7e80000)
  from space 5120K, 0% used [0x00000000d8380000,0x00000000d8380000,0x00000000d8880000)
  to   space 5120K, 0% used [0x00000000d7e80000,0x00000000d7e80000,0x00000000d8380000)
 ParOldGen       total 87552K, used 0K [0x0000000081a00000, 0x0000000086f80000, 0x00000000d5e00000)
  object space 87552K, 0% used [0x0000000081a00000,0x0000000081a00000,0x0000000086f80000)
 Metaspace       used 15221K, capacity 16088K, committed 16256K, reserved 1062912K
  class space    used 2347K, capacity 2572K, committed 2688K, reserved 1048576K
Event: 1.382 GC heap after
Heap after GC invocations=1 (full 0):
 PSYoungGen      total 38400K, used 5088K [0x00000000d5e00000, 0x00000000d8880000, 0x0000000100000000)
  eden space 33280K, 0% used [0x00000000d5e00000,0x00000000d5e00000,0x00000000d7e80000)
  from space 5120K, 99% used [0x00000000d7e80000,0x00000000d8378050,0x00000000d8380000)
  to   space 5120K, 0% used [0x00000000d8380000,0x00000000d8380000,0x00000000d8880000)
 ParOldGen       total 87552K, used 744K [0x0000000081a00000, 0x0000000086f80000, 0x00000000d5e00000)
  object space 87552K, 0% used [0x0000000081a00000,0x0000000081aba010,0x0000000086f80000)
 Metaspace       used 15221K, capacity 16088K, committed 16256K, reserved 1062912K
  class space    used 2347K, capacity 2572K, committed 2688K, reserved 1048576K
}
Event: 7.290 GC heap before
{Heap before GC invocations=2 (full 0):
 PSYoungGen      total 38400K, used 23714K [0x00000000d5e00000, 0x00000000d8880000, 0x0000000100000000)
  eden space 33280K, 55% used [0x00000000d5e00000,0x00000000d70307d8,0x00000000d7e80000)
  from space 5120K, 99% used [0x00000000d7e80000,0x00000000d8378050,0x00000000d8380000)
  to   space 5120K, 0% used [0x00000000d8380000,0x00000000d8380000,0x00000000d8880000)
 ParOldGen       total 87552K, used 744K [0x0000000081a00000, 0x0000000086f80000, 0x00000000d5e00000)
  object space 87552K, 0% used [0x0000000081a00000,0x0000000081aba010,0x0000000086f80000)
 Metaspace       used 19972K, capacity 21092K, committed 21248K, reserved 1067008K
  class space    used 2959K, capacity 3228K, committed 3328K, reserved 1048576K
Event: 7.299 GC heap after
Heap after GC invocations=2 (full 0):
 PSYoungGen      total 38400K, used 5088K [0x00000000d5e00000, 0x00000000d8880000, 0x0000000100000000)
  eden space 33280K, 0% used [0x00000000d5e00000,0x00000000d5e00000,0x00000000d7e80000)
  from space 5120K, 99% used [0x00000000d8380000,0x00000000d8878060,0x00000000d8880000)
  to   space 5120K, 0% used [0x00000000d7e80000,0x00000000d7e80000,0x00000000d8380000)
 ParOldGen       total 87552K, used 6523K [0x0000000081a00000, 0x0000000086f80000, 0x00000000d5e00000)
  object space 87552K, 7% used [0x0000000081a00000,0x000000008205ec00,0x0000000086f80000)
 Metaspace       used 19972K, capacity 21092K, committed 21248K, reserved 1067008K
  class space    used 2959K, capacity 3228K, committed 3328K, reserved 1048576K
}
Event: 7.299 GC heap before
{Heap before GC invocations=3 (full 1):
 PSYoungGen      total 38400K, used 5088K [0x00000000d5e00000, 0x00000000d8880000, 0x0000000100000000)
  eden space 33280K, 0% used [0x00000000d5e00000,0x00000000d5e00000,0x00000000d7e80000)
  from space 5120K, 99% used [0x00000000d8380000,0x00000000d8878060,0x00000000d8880000)
  to   space 5120K, 0% used [0x00000000d7e80000,0x00000000d7e80000,0x00000000d8380000)
 ParOldGen       total 87552K, used 6523K [0x0000000081a00000, 0x0000000086f80000, 0x00000000d5e00000)
  object space 87552K, 7% used [0x0000000081a00000,0x000000008205ec00,0x0000000086f80000)
 Metaspace       used 19972K, capacity 21092K, committed 21248K, reserved 1067008K
  class space    used 2959K, capacity 3228K, committed 3328K, reserved 1048576K
Event: 7.361 GC heap after
Heap after GC invocations=3 (full 1):
 PSYoungGen      total 38400K, used 0K [0x00000000d5e00000, 0x00000000d8880000, 0x0000000100000000)
  eden space 33280K, 0% used [0x00000000d5e00000,0x00000000d5e00000,0x00000000d7e80000)
  from space 5120K, 0% used [0x00000000d8380000,0x00000000d8380000,0x00000000d8880000)
  to   space 5120K, 0% used [0x00000000d7e80000,0x00000000d7e80000,0x00000000d8380000)
 ParOldGen       total 76288K, used 11318K [0x0000000081a00000, 0x0000000086480000, 0x00000000d5e00000)
  object space 76288K, 14% used [0x0000000081a00000,0x000000008250db88,0x0000000086480000)
 Metaspace       used 19972K, capacity 21092K, committed 21248K, reserved 1067008K
  class space    used 2959K, capacity 3228K, committed 3328K, reserved 1048576K
}

Deoptimization events (10 events):
Event: 1.326 Thread 0x0000000019873000 Uncommon trap: reason=unstable_if action=reinterpret pc=0x0000000002bf644c method=sun.net.www.ParseUtil.encodePath(Ljava/lang/String;Z)Ljava/lang/String; @ 109
Event: 1.473 Thread 0x0000000019873000 Uncommon trap: reason=array_check action=maybe_recompile pc=0x0000000002d7c9b8 method=com.sun.javafx.css.SimpleSelector.applies(Ljavafx/css/Styleable;[Ljava/util/Set;I)Z @ 37
Event: 1.473 Thread 0x0000000019873000 Uncommon trap: reason=array_check action=maybe_recompile pc=0x0000000002d7c9b8 method=com.sun.javafx.css.SimpleSelector.applies(Ljavafx/css/Styleable;[Ljava/util/Set;I)Z @ 37
Event: 1.473 Thread 0x0000000019873000 Uncommon trap: reason=array_check action=maybe_recompile pc=0x0000000002d7c9b8 method=com.sun.javafx.css.SimpleSelector.applies(Ljavafx/css/Styleable;[Ljava/util/Set;I)Z @ 37
Event: 1.473 Thread 0x0000000019873000 Uncommon trap: reason=array_check action=maybe_recompile pc=0x0000000002d7c9b8 method=com.sun.javafx.css.SimpleSelector.applies(Ljavafx/css/Styleable;[Ljava/util/Set;I)Z @ 37
Event: 1.637 Thread 0x0000000019873000 Uncommon trap: reason=unstable_if action=reinterpret pc=0x0000000002ca8e4c method=jdk.internal.org.objectweb.asm.Type.getArgumentsAndReturnSizes(Ljava/lang/String;)I @ 47
Event: 7.058 Thread 0x00000000198fd000 Uncommon trap: reason=unstable_if action=reinterpret pc=0x0000000002d0d150 method=java.lang.String.trim()Ljava/lang/String; @ 23
Event: 7.254 Thread 0x00000000198fd000 Uncommon trap: reason=unstable_if action=reinterpret pc=0x0000000002ee54c8 method=java.util.regex.Matcher.reset()Ljava/util/regex/Matcher; @ 47
Event: 135.251 Thread 0x00000000198fb800 Uncommon trap: reason=unstable_if action=reinterpret pc=0x0000000002b6369c method=com.sun.javafx.tk.quantum.QuantumToolkit.postPulse()V @ 17
Event: 135.260 Thread 0x000000001963f000 Uncommon trap: reason=unstable_if action=reinterpret pc=0x0000000002c00700 method=com.sun.javafx.tk.quantum.QuantumToolkit.postPulse()V @ 17

Internal exceptions (10 events):
Event: 0.638 Thread 0x0000000019873000 Exception <a 'java/lang/NullPointerException'> (0x00000000d6b65708) thrown at [C:\re\workspace\8-2-build-windows-amd64-cygwin\jdk8u91\7017\hotspot\src\share\vm\interpreter\linkResolver.cpp, line 1178]
Event: 0.638 Thread 0x0000000019873000 Exception <a 'java/lang/NullPointerException'> (0x00000000d6b65708) thrown at [C:\re\workspace\8-2-build-windows-amd64-cygwin\jdk8u91\7017\hotspot\src\share\vm\prims\jvm.cpp, line 1390]
Event: 0.764 Thread 0x0000000019873000 Exception <a 'java/lang/ArrayIndexOutOfBoundsException'> (0x00000000d6fac950) thrown at [C:\re\workspace\8-2-build-windows-amd64-cygwin\jdk8u91\7017\hotspot\src\share\vm\runtime\sharedRuntime.cpp, line 605]
Event: 0.765 Thread 0x0000000019873000 Exception <a 'java/lang/ArrayIndexOutOfBoundsException'> (0x00000000d6fad468) thrown at [C:\re\workspace\8-2-build-windows-amd64-cygwin\jdk8u91\7017\hotspot\src\share\vm\runtime\sharedRuntime.cpp, line 605]
Event: 0.765 Thread 0x0000000019873000 Exception <a 'java/lang/ArrayIndexOutOfBoundsException'> (0x00000000d6fae810) thrown at [C:\re\workspace\8-2-build-windows-amd64-cygwin\jdk8u91\7017\hotspot\src\share\vm\runtime\sharedRuntime.cpp, line 605]
Event: 0.964 Thread 0x0000000019873000 Implicit null exception at 0x0000000002b63434 to 0x0000000002b6367d
Event: 0.964 Thread 0x0000000019873000 Implicit null exception at 0x0000000002bc8118 to 0x0000000002bc81a6
Event: 0.997 Thread 0x0000000019873000 Implicit null exception at 0x0000000002bb2def to 0x0000000002bb2e5d
Event: 7.184 Thread 0x00000000198fd000 Exception <a 'java/lang/NoSuchMethodError': sun.misc.Unsafe.invokeCleaner(Ljava/nio/ByteBuffer;)V> (0x00000000d6c051a0) thrown at [C:\re\workspace\8-2-build-windows-amd64-cygwin\jdk8u91\7017\hotspot\src\share\vm\interpreter\linkResolver.cpp, line 582]
Event: 7.413 Thread 0x00000000198fd000 Exception <a 'sun/nio/fs/WindowsException'> (0x00000000d60d6dc8) thrown at [C:\re\workspace\8-2-build-windows-amd64-cygwin\jdk8u91\7017\hotspot\src\share\vm\prims\jni.cpp, line 709]

Events (10 events):
Event: 1312.634 Executing VM operation: GetCurrentLocation
Event: 1312.634 Executing VM operation: GetCurrentLocation done
Event: 1312.634 Executing VM operation: EnterInterpOnlyMode
Event: 1312.634 Executing VM operation: EnterInterpOnlyMode done
Event: 1312.634 Executing VM operation: ChangeSingleStep
Event: 1312.634 Executing VM operation: ChangeSingleStep done
Event: 1312.662 Executing VM operation: ChangeSingleStep
Event: 1312.662 Executing VM operation: ChangeSingleStep done
Event: 1312.672 Executing VM operation: RedefineClasses
Event: 1312.727 Executing VM operation: RedefineClasses done


Dynamic libraries:
0x00007ff6e0180000 - 0x00007ff6e01b7000 	C:\Program Files\Java\jre1.8.0_91\bin\javaw.exe
0x00007ffe3abd0000 - 0x00007ffe3ad7d000 	C:\WINDOWS\SYSTEM32\ntdll.dll
0x00007ffe3a3f0000 - 0x00007ffe3a52e000 	C:\WINDOWS\system32\KERNEL32.DLL
0x00007ffe380e0000 - 0x00007ffe381f5000 	C:\WINDOWS\system32\KERNELBASE.dll
0x00007ffe36870000 - 0x00007ffe368fe000 	C:\WINDOWS\system32\apphelp.dll
0x00007ffe2c840000 - 0x00007ffe2c893000 	C:\WINDOWS\AppPatch\AppPatch64\AcGenral.DLL
0x00007ffe3a530000 - 0x00007ffe3a5da000 	C:\WINDOWS\system32\msvcrt.dll
0x00007ffe38000000 - 0x00007ffe3802e000 	C:\WINDOWS\system32\SspiCli.dll
0x00007ffe3a920000 - 0x00007ffe3a974000 	C:\WINDOWS\system32\SHLWAPI.dll
0x00007ffe3a980000 - 0x00007ffe3aaf7000 	C:\WINDOWS\system32\USER32.dll
0x00007ffe39bf0000 - 0x00007ffe39d84000 	C:\WINDOWS\system32\ole32.dll
0x00007ffe386c0000 - 0x00007ffe39be8000 	C:\WINDOWS\system32\SHELL32.dll
0x00007ffe372c0000 - 0x00007ffe372e1000 	C:\WINDOWS\SYSTEM32\USERENV.dll
0x00007ffe3a1d0000 - 0x00007ffe3a27a000 	C:\WINDOWS\system32\ADVAPI32.dll
0x00007ffe2da10000 - 0x00007ffe2da2e000 	C:\WINDOWS\SYSTEM32\MPR.dll
0x00007ffe3a7d0000 - 0x00007ffe3a910000 	C:\WINDOWS\system32\RPCRT4.dll
0x00007ffe3ab60000 - 0x00007ffe3abb9000 	C:\WINDOWS\SYSTEM32\sechost.dll
0x00007ffe39fb0000 - 0x00007ffe3a1c1000 	C:\WINDOWS\SYSTEM32\combase.dll
0x00007ffe3a5e0000 - 0x00007ffe3a72f000 	C:\WINDOWS\system32\GDI32.dll
0x00007ffe37cf0000 - 0x00007ffe37d05000 	C:\WINDOWS\SYSTEM32\profapi.dll
0x00007ffe364d0000 - 0x00007ffe36582000 	C:\WINDOWS\SYSTEM32\SHCORE.dll
0x00007ffe39d90000 - 0x00007ffe39dc6000 	C:\WINDOWS\system32\IMM32.DLL
0x00007ffe3a290000 - 0x00007ffe3a3e2000 	C:\WINDOWS\system32\MSCTF.dll
0x00007ffe35df0000 - 0x00007ffe3606b000 	C:\WINDOWS\WinSxS\amd64_microsoft.windows.common-controls_6595b64144ccf1df_6.0.9600.18006_none_623f33d3ecbe86e8\COMCTL32.dll
0x000000005a7a0000 - 0x000000005a872000 	C:\Program Files\Java\jre1.8.0_91\bin\msvcr100.dll
0x000000005a920000 - 0x000000005b1b3000 	C:\Program Files\Java\jre1.8.0_91\bin\server\jvm.dll
0x00007ffe30300000 - 0x00007ffe30309000 	C:\WINDOWS\SYSTEM32\WSOCK32.dll
0x00007ffe356a0000 - 0x00007ffe356c2000 	C:\WINDOWS\SYSTEM32\WINMM.dll
0x00007ffe356d0000 - 0x00007ffe356da000 	C:\WINDOWS\SYSTEM32\VERSION.dll
0x00007ffe3a910000 - 0x00007ffe3a917000 	C:\WINDOWS\system32\PSAPI.DLL
0x00007ffe3ab00000 - 0x00007ffe3ab5a000 	C:\WINDOWS\system32\WS2_32.dll
0x00007ffe35670000 - 0x00007ffe3569a000 	C:\WINDOWS\SYSTEM32\WINMMBASE.dll
0x00007ffe3a280000 - 0x00007ffe3a289000 	C:\WINDOWS\system32\NSI.dll
0x00007ffe38200000 - 0x00007ffe3824f000 	C:\WINDOWS\SYSTEM32\cfgmgr32.dll
0x00007ffe36b20000 - 0x00007ffe36b48000 	C:\WINDOWS\SYSTEM32\DEVOBJ.dll
0x000000005de20000 - 0x000000005de2f000 	C:\Program Files\Java\jre1.8.0_91\bin\verify.dll
0x000000005a8f0000 - 0x000000005a919000 	C:\Program Files\Java\jre1.8.0_91\bin\java.dll
0x000000005b200000 - 0x000000005b235000 	C:\Program Files\Java\jre1.8.0_91\bin\jdwp.dll
0x000000005b1f0000 - 0x000000005b1f8000 	C:\Program Files\Java\jre1.8.0_91\bin\npt.dll
0x000000005c470000 - 0x000000005c486000 	C:\Program Files\Java\jre1.8.0_91\bin\zip.dll
0x000000005b1e0000 - 0x000000005b1e9000 	C:\Program Files\Java\jre1.8.0_91\bin\dt_socket.dll
0x00007ffe12910000 - 0x00007ffe12925000 	C:\WINDOWS\system32\napinsp.dll
0x00007ffe12930000 - 0x00007ffe1294a000 	C:\WINDOWS\system32\pnrpnsp.dll
0x00007ffe326c0000 - 0x00007ffe326db000 	C:\WINDOWS\system32\NLAapi.dll
0x00007ffe37530000 - 0x00007ffe37589000 	C:\WINDOWS\System32\mswsock.dll
0x00007ffe37330000 - 0x00007ffe373d4000 	C:\WINDOWS\SYSTEM32\DNSAPI.dll
0x00007ffe29c60000 - 0x00007ffe29c6d000 	C:\WINDOWS\System32\winrnr.dll
0x000000005da10000 - 0x000000005da36000 	C:\Program Files\Bonjour\mdnsNSP.dll
0x00007ffe319f0000 - 0x00007ffe31a1a000 	C:\WINDOWS\SYSTEM32\Iphlpapi.DLL
0x00007ffe319d0000 - 0x00007ffe319da000 	C:\WINDOWS\SYSTEM32\WINNSI.DLL
0x00007ffe12f30000 - 0x00007ffe12f44000 	C:\WINDOWS\system32\wshbth.dll
0x00007ffe31450000 - 0x00007ffe314bb000 	C:\WINDOWS\System32\fwpuclnt.dll
0x00007ffe2cae0000 - 0x00007ffe2caea000 	C:\Windows\System32\rasadhlp.dll
0x00007ffe18f80000 - 0x00007ffe1906f000 	C:\Program Files\Java\jre1.8.0_91\bin\msvcr120.dll
0x00007ffe2c010000 - 0x00007ffe2c0b6000 	C:\Program Files\Java\jre1.8.0_91\bin\msvcp120.dll
0x000000005a770000 - 0x000000005a793000 	C:\Program Files\Java\jre1.8.0_91\bin\prism_d3d.dll
0x00007ffe2a2f0000 - 0x00007ffe2a511000 	C:\WINDOWS\system32\d3d9.dll
0x00007ffe36900000 - 0x00007ffe36921000 	C:\WINDOWS\SYSTEM32\dwmapi.dll
0x00007ffe369e0000 - 0x00007ffe36b09000 	C:\WINDOWS\system32\uxtheme.dll
0x00007ffe35720000 - 0x00007ffe3589f000 	C:\WINDOWS\SYSTEM32\aticfx64.dll
0x00007ffe2c900000 - 0x00007ffe2c929000 	C:\WINDOWS\SYSTEM32\atiu9p64.dll
0x00007ffe19ce0000 - 0x00007ffe1a74e000 	C:\WINDOWS\SYSTEM32\igdumdim64.dll
0x00007ffe33390000 - 0x00007ffe337ef000 	C:\WINDOWS\SYSTEM32\igdusc64.dll
0x00007ffe19460000 - 0x00007ffe19cdf000 	C:\WINDOWS\SYSTEM32\atiumd64.dll
0x0000000059880000 - 0x00000000598c3000 	C:\Program Files\Java\jre1.8.0_91\bin\glass.dll
0x00007ffe39ef0000 - 0x00007ffe39fa6000 	C:\WINDOWS\system32\COMDLG32.dll
0x00007ffe38250000 - 0x00007ffe38316000 	C:\WINDOWS\system32\OLEAUT32.dll
0x00007ffe36b10000 - 0x00007ffe36b1b000 	C:\WINDOWS\SYSTEM32\kernel.appcore.dll
0x00007ffe37bc0000 - 0x00007ffe37bcb000 	C:\WINDOWS\SYSTEM32\CRYPTBASE.dll
0x00007ffe37af0000 - 0x00007ffe37b53000 	C:\WINDOWS\SYSTEM32\bcryptPrimitives.dll
0x000000005b1c0000 - 0x000000005b1d4000 	C:\Program Files\Java\jre1.8.0_91\bin\javafx_font.dll
0x00007ffe33a90000 - 0x00007ffe33c7b000 	C:\WINDOWS\SYSTEM32\dwrite.dll
0x00007ffe39dd0000 - 0x00007ffe39e86000 	C:\WINDOWS\SYSTEM32\clbcatq.dll
0x00007ffe35c40000 - 0x00007ffe35dee000 	C:\WINDOWS\SYSTEM32\WindowsCodecs.dll
0x00007ffe37590000 - 0x00007ffe375b0000 	C:\WINDOWS\SYSTEM32\CRYPTSP.dll
0x00007ffe371b0000 - 0x00007ffe371e6000 	C:\WINDOWS\system32\rsaenh.dll
0x00007ffe377e0000 - 0x00007ffe37806000 	C:\WINDOWS\SYSTEM32\bcrypt.dll
0x00007ffe2c8d0000 - 0x00007ffe2c8fe000 	C:\Program Files\Common Files\Microsoft Shared\Ink\rtscom.dll
0x0000000059860000 - 0x0000000059871000 	C:\Program Files\Java\jre1.8.0_91\bin\prism_common.dll
0x000000005a8d0000 - 0x000000005a8ea000 	C:\Program Files\Java\jre1.8.0_91\bin\net.dll
0x00007ffe30f40000 - 0x00007ffe30f56000 	C:\WINDOWS\SYSTEM32\dhcpcsvc6.DLL
0x00007ffe316d0000 - 0x00007ffe316ea000 	C:\WINDOWS\SYSTEM32\dhcpcsvc.DLL
0x000000005de10000 - 0x000000005de1d000 	C:\Program Files\Java\jre1.8.0_91\bin\management.dll
0x000000005a8b0000 - 0x000000005a8c1000 	C:\Program Files\Java\jre1.8.0_91\bin\nio.dll
0x00007ffe323e0000 - 0x00007ffe32569000 	C:\WINDOWS\SYSTEM32\dbghelp.dll

VM Arguments:
jvm_args: -agentlib:jdwp=transport=dt_socket,suspend=y,address=localhost:37473 -Dfile.encoding=Cp1252 
java_command: p2pApp.p2pUi.AppUi
java_class_path (initial): E:\Compilers\eclipse\projects\p2p-v2\bin;E:\Compilers\eclipse\projects\p2p-v2\lib\gson-2.2.4.jar;E:\Compilers\eclipse\projects\p2p-v2\lib\jdbc.jar;E:\Compilers\eclipse\projects\p2p-v2\lib\jdbi-2.75.jar;E:\Compilers\eclipse\projects\p2p-v2\lib\lucene-analyzers-common-6.4.2.jar;E:\Compilers\eclipse\projects\p2p-v2\lib\lucene-core-6.4.2.jar;E:\Compilers\eclipse\projects\p2p-v2\lib\lucene-queryparser-6.4.2.jar
Launcher Type: SUN_STANDARD

Environment Variables:
PATH=C:/Program Files/Java/jre1.8.0_91/bin/server;C:/Program Files/Java/jre1.8.0_91/bin;C:/Program Files/Java/jre1.8.0_91/lib/amd64;C:\ProgramData\Oracle\Java\javapath;C:\Program Files (x86)\Intel\iCLS Client\;C:\Program Files\Intel\iCLS Client\;C:\Program Files (x86)\AMD APP\bin\x86_64;C:\Program Files (x86)\AMD APP\bin\x86;C:\WINDOWS\system32;C:\WINDOWS;C:\WINDOWS\System32\Wbem;C:\WINDOWS\System32\WindowsPowerShell\v1.0\;C:\Program Files (x86)\Windows Live\Shared;C:\Program Files (x86)\Intel\OpenCL SDK\3.0\bin\x86;C:\Program Files (x86)\Intel\OpenCL SDK\3.0\bin\x64;C:\Program Files (x86)\ATI Technologies\ATI.ACE\Core-Static;C:\Program Files\Intel\Intel(R) Management Engine Components\DAL;C:\Program Files\Intel\Intel(R) Management Engine Components\IPT;C:\Program Files (x86)\Intel\Intel(R) Management Engine Components\DAL;C:\Program Files (x86)\Intel\Intel(R) Management Engine Components\IPT;C:\Program Files (x86)\Skype\Phone\;C:\Program Files (x86)\Brackets\command;D:\nodejs\;D:\New folder\gradle-2.14\bin;C:\Program Files\Git\cmd;d:\Matlab\runtime\win64;d:\Matlab\bin;d:\Matlab\polyspace\bin;C:\Program Files (x86)\Windows Kits\8.0\Windows Performance Toolkit\;C:\Program Files\Microsoft SQL Server\110\Tools\Binn\;D:\Python27;D:\Python27\Scripts;C:\Users\Abhi\AppData\Roaming\npm;C:\Users\Abhi\Desktop;
USERNAME=Abhi
OS=Windows_NT
PROCESSOR_IDENTIFIER=Intel64 Family 6 Model 58 Stepping 9, GenuineIntel



---------------  S Y S T E M  ---------------

OS: Windows 8.1 , 64 bit Build 9600 (6.3.9600.17415)

CPU:total 4 (2 cores per cpu, 2 threads per core) family 6 model 58 stepping 9, cmov, cx8, fxsr, mmx, sse, sse2, sse3, ssse3, sse4.1, sse4.2, popcnt, avx, aes, clmul, erms, ht, tsc, tscinvbit, tscinv

Memory: 4k page, physical 8278296k(3008912k free), swap 16666904k(8866892k free)

vm_info: Java HotSpot(TM) 64-Bit Server VM (25.91-b15) for windows-amd64 JRE (1.8.0_91-b15), built on May 20 2016 17:43:15 by "java_re" with MS VC++ 10.0 (VS2010)

time: Sun Mar 26 14:29:07 2017
elapsed time: 1313 seconds (0d 0h 21m 53s)

